<?xml version="1.0" encoding="UTF-8"?>
<!-- Generated by org.testng.reporters.JUnitReportReporter -->
<testsuite skipped="0" hostname="DESKTOP-25J7NNV" name="test.testcase.aotest_testcase" tests="1" failures="0" timestamp="01 十一月 2018 04:00:10 GMT" time="21.509" errors="0">
  <testcase name="testLogin" time="21.509" classname="test.testcase.aotest_testcase"/>
</testsuite> <!-- test.testcase.aotest_testcase -->
